<?xml version="1.0" encoding="UTF-8"?>
<testng-results ignored="0" total="6" passed="6" failed="0" skipped="0">
  <reporter-output>
  </reporter-output>
  <suite started-at="2023-11-14T19:36:23 COT" name="Web Automation Suite" finished-at="2023-11-14T19:36:59 COT" duration-ms="36476">
    <groups>
      <group name="cucumber">
        <method signature="AbstractTestNGCucumberTests.runScenario(io.cucumber.testng.PickleWrapper,io.cucumber.testng.FeatureWrapper)[pri:0, instance:me.cucumber.test.RunCucumberTest@595b007d]" name="runScenario" class="io.cucumber.testng.AbstractTestNGCucumberTests"/>
      </group> <!-- cucumber -->
    </groups>
    <test started-at="2023-11-14T19:36:23 COT" name="Test" finished-at="2023-11-14T19:36:59 COT" duration-ms="36476">
      <class name="me.cucumber.test.RunCucumberTest">
        <test-method is-config="true" signature="setUpClass(org.testng.ITestContext)[pri:0, instance:me.cucumber.test.RunCucumberTest@595b007d]" started-at="2023-11-14T19:36:23 COT" name="setUpClass" finished-at="2023-11-14T19:36:24 COT" duration-ms="936" status="PASS">
          <params>
            <param index="0">
              <value>
                <![CDATA[org.testng.TestRunner@40f1be1b]]>
              </value>
            </param>
          </params>
          <reporter-output>
          </reporter-output>
        </test-method> <!-- setUpClass -->
        <test-method signature="runScenario(io.cucumber.testng.PickleWrapper,io.cucumber.testng.FeatureWrapper)[pri:0, instance:me.cucumber.test.RunCucumberTest@595b007d]" started-at="2023-11-14T19:36:24 COT" name="runScenario" description="Runs Cucumber Scenarios" data-provider="scenarios" finished-at="2023-11-14T19:36:56 COT" duration-ms="32357" status="PASS">
          <params>
            <param index="0">
              <value>
                <![CDATA["Request the first five characters on Star Wars API and validate"]]>
              </value>
            </param>
            <param index="1">
              <value>
                <![CDATA["Character search on Wikipedia using an API"]]>
              </value>
            </param>
          </params>
          <reporter-output>
          </reporter-output>
        </test-method> <!-- runScenario -->
        <test-method signature="runScenario(io.cucumber.testng.PickleWrapper,io.cucumber.testng.FeatureWrapper)[pri:0, instance:me.cucumber.test.RunCucumberTest@595b007d]" started-at="2023-11-14T19:36:24 COT" name="runScenario" description="Runs Cucumber Scenarios" data-provider="scenarios" finished-at="2023-11-14T19:36:55 COT" duration-ms="31797" status="PASS">
          <params>
            <param index="0">
              <value>
                <![CDATA["Request the first five characters on Star Wars API and validate"]]>
              </value>
            </param>
            <param index="1">
              <value>
                <![CDATA["Character search on Wikipedia using an API"]]>
              </value>
            </param>
          </params>
          <reporter-output>
          </reporter-output>
        </test-method> <!-- runScenario -->
        <test-method signature="runScenario(io.cucumber.testng.PickleWrapper,io.cucumber.testng.FeatureWrapper)[pri:0, instance:me.cucumber.test.RunCucumberTest@595b007d]" started-at="2023-11-14T19:36:24 COT" name="runScenario" description="Runs Cucumber Scenarios" data-provider="scenarios" finished-at="2023-11-14T19:36:59 COT" duration-ms="35423" status="PASS">
          <params>
            <param index="0">
              <value>
                <![CDATA["Request random movie on the Star Wars API and validate"]]>
              </value>
            </param>
            <param index="1">
              <value>
                <![CDATA["Movie search on Wikipedia using an API"]]>
              </value>
            </param>
          </params>
          <reporter-output>
          </reporter-output>
        </test-method> <!-- runScenario -->
        <test-method signature="runScenario(io.cucumber.testng.PickleWrapper,io.cucumber.testng.FeatureWrapper)[pri:0, instance:me.cucumber.test.RunCucumberTest@595b007d]" started-at="2023-11-14T19:36:24 COT" name="runScenario" description="Runs Cucumber Scenarios" data-provider="scenarios" finished-at="2023-11-14T19:36:56 COT" duration-ms="32418" status="PASS">
          <params>
            <param index="0">
              <value>
                <![CDATA["Request the first five characters on Star Wars API and validate"]]>
              </value>
            </param>
            <param index="1">
              <value>
                <![CDATA["Character search on Wikipedia using an API"]]>
              </value>
            </param>
          </params>
          <reporter-output>
          </reporter-output>
        </test-method> <!-- runScenario -->
        <test-method signature="runScenario(io.cucumber.testng.PickleWrapper,io.cucumber.testng.FeatureWrapper)[pri:0, instance:me.cucumber.test.RunCucumberTest@595b007d]" started-at="2023-11-14T19:36:24 COT" name="runScenario" description="Runs Cucumber Scenarios" data-provider="scenarios" finished-at="2023-11-14T19:36:56 COT" duration-ms="32684" status="PASS">
          <params>
            <param index="0">
              <value>
                <![CDATA["Request the first five characters on Star Wars API and validate"]]>
              </value>
            </param>
            <param index="1">
              <value>
                <![CDATA["Character search on Wikipedia using an API"]]>
              </value>
            </param>
          </params>
          <reporter-output>
          </reporter-output>
        </test-method> <!-- runScenario -->
        <test-method signature="runScenario(io.cucumber.testng.PickleWrapper,io.cucumber.testng.FeatureWrapper)[pri:0, instance:me.cucumber.test.RunCucumberTest@595b007d]" started-at="2023-11-14T19:36:24 COT" name="runScenario" description="Runs Cucumber Scenarios" data-provider="scenarios" finished-at="2023-11-14T19:36:54 COT" duration-ms="30547" status="PASS">
          <params>
            <param index="0">
              <value>
                <![CDATA["Request the first five characters on Star Wars API and validate"]]>
              </value>
            </param>
            <param index="1">
              <value>
                <![CDATA["Character search on Wikipedia using an API"]]>
              </value>
            </param>
          </params>
          <reporter-output>
          </reporter-output>
        </test-method> <!-- runScenario -->
        <test-method is-config="true" signature="tearDownClass()[pri:0, instance:me.cucumber.test.RunCucumberTest@595b007d]" started-at="2023-11-14T19:36:59 COT" name="tearDownClass" finished-at="2023-11-14T19:36:59 COT" duration-ms="43" status="PASS">
          <reporter-output>
          </reporter-output>
        </test-method> <!-- tearDownClass -->
      </class> <!-- me.cucumber.test.RunCucumberTest -->
    </test> <!-- Test -->
  </suite> <!-- Web Automation Suite -->
</testng-results>
