<?xml version="1.0" encoding="UTF-8"?>
<testsuite xmlns:xsi="http://www.w3.org/2001/XMLSchema-instance" xsi:noNamespaceSchemaLocation="https://maven.apache.org/surefire/maven-surefire-plugin/xsd/surefire-test-report-3.0.xsd" version="3.0" name="TestSuite" time="37.455" tests="6" errors="0" skipped="0" failures="0">
  <properties>
[...]
</properties>
  <testcase name="runScenario" classname="me.cucumber.test.RunCucumberTest" time="30.549"/>
  <testcase name="runScenario" classname="me.cucumber.test.RunCucumberTest" time="31.787"/>
  <testcase name="runScenario" classname="me.cucumber.test.RunCucumberTest" time="32.348"/>
  <testcase name="runScenario" classname="me.cucumber.test.RunCucumberTest" time="32.417"/>
  <testcase name="runScenario" classname="me.cucumber.test.RunCucumberTest" time="32.683"/>
  <testcase name="runScenario" classname="me.cucumber.test.RunCucumberTest" time="35.419"/>
</testsuite>